a22006b.ada
a22006c.ada
a22006d.ada
a26007a.tst
a27003a.ada
a29003a.ada
a2a031a.ada
a33003a.ada
a34017c.ada
a35101b.ada
a35402a.ada
a35801f.ada
a35902c.ada
a38106d.ada
a38106e.ada
a49027a.ada
a49027b.ada
a49027c.ada
a54b01a.ada
a54b02a.ada
a55b12a.ada
a55b13a.ada
a55b14a.ada
a71004a.ada
a73001i.ada
a73001j.ada
a74105b.ada
a74106a.ada
a74106b.ada
a74106c.ada
a74205e.ada
a74205f.ada
a83009a.ada
a83009b.ada
a83a02a.ada
a83a02b.ada
a83a06a.ada
a83a08a.ada
a83c01c.ada
a83c01h.ada
a83c01i.ada
a85007d.ada
a85013b.ada
a87b59a.ada
a95001c.ada
a95074d.ada
a97106a.ada
a99006a.ada
aa2010a.ada
aa2012a.ada
ac1015b.ada
ac3106a.ada
ac3206a.ada
ac3207a.ada
acats-ug.pdf
acats42.lst
ad7001b.ada
ad7001c0.ada
ad7001c1.ada
ad7001d0.ada
ad7001d1.ada
ad7006a.ada
ad7101a.ada
ad7101c.ada
ad7102a.ada
ad7103a.ada
ad7103c.ada
ad7104a.ada
ad7201a.ada
ad7203b.ada
ad7205b.ada
ad8011a.tst
ada101a.ada
ae2113a.ada
ae2113b.ada
ae3002g.ada
ae3101a.ada
ae3702a.ada
ae3709a.ada
b22001a.tst
b22001b.tst
b22001c.tst
b22001d.tst
b22001e.tst
b22001f.tst
b22001g.tst
b22001h.ada
b22001i.tst
b22001j.tst
b22001k.tst
b22001l.tst
b22001m.tst
b22001n.tst
b23002a.ada
b23004a.ada
b23004b.ada
b24001a.ada
b24001b.ada
b24001c.ada
b24005a.ada
b24005b.ada
b24007a.ada
b24009a.ada
b24009b.ada
b24104a.ada
b24204a.ada
b24204b.ada
b24204c.ada
b24204d.ada
b24204e.ada
b24204f.ada
b24205a.ada
b24206a.ada
b24206b.ada
b24211b.ada
b25002a.ada
b25002b.ada
b26001a.ada
b26002a.ada
b26005a.ada
b28001a.ada
b28001b.ada
b28001c.ada
b28001d.ada
b28001e.ada
b28001r.ada
b28001s.ada
b28001t.ada
b28001u.ada
b28001v.ada
b28001w.ada
b29001a.ada
b2a003a.ada
b2a003b.ada
b2a003c.ada
b2a003d.ada
b2a003e.ada
b2a003f.ada
b2a005a.ada
b2a005b.ada
b2a007a.ada
b2a010a.ada
b2a021a.ada
b32103a.ada
b32104a.ada
b32106a.ada
b32201a.ada
b32202a.ada
b32202b.ada
b32202c.ada
b324001.a
b324002.a
b324003.a
b324004.a
b330001.a
b33001a.ada
b33101a.ada
b33102a.ada
b33102b.ada
b33102c.ada
b33102d.ada
b33102e.ada
b33201a.ada
b33201b.ada
b33201c.ada
b33201d.ada
b33201e.ada
b33204a.ada
b33205a.ada
b33302a.ada
b34001b.ada
b34001e.ada
b34002b.ada
b34003b.ada
b34004b.ada
b34005b.ada
b34005e.ada
b34005h.ada
b34005k.ada
b34005n.ada
b34005q.ada
b34005t.ada
b34006b.ada
b34006e.ada
b34006h.ada
b34006k.ada
b34007b.ada
b34007e.ada
b34007h.ada
b34007k.ada
b34007n.ada
b34007q.ada
b34007t.ada
b34008b.ada
b34009b.ada
b34009e.ada
b34009h.ada
b34009k.ada
b34011a.ada
b34014b.ada
b34014d.ada
b34014f.ada
b34014i.ada
b34014m.ada
b34014o.ada
b34014q.ada
b34014s.ada
b34014v.ada
b34014z.ada
b350001.a
b35004a.ada
b35101a.ada
b35103a.ada
b35103b.ada
b35302a.ada
b354001.a
b354002.a
b35401a.ada
b35401b.ada
b35403a.ada
b35501a.ada
b35501b.ada
b35506a.ada
b35506b.ada
b35506c.ada
b35506d.ada
b35701a.ada
b35709a.ada
b35901a.ada
b35901c.ada
b35901d.ada
b35a001.a
b35a01a.ada
b35a08a.ada
b360001.a
b36001a.ada
b36002a.ada
b36101a.ada
b36102a.ada
b36103a.ada
b36105c.dep
b36171a.ada
b36171b.ada
b36171c.ada
b36171d.ada
b36171e.ada
b36171f.ada
b36171g.ada
b36171h.ada
b36171i.ada
b36201a.ada
b36307a.ada
b370001.a
b370002.a
b37004a.ada
b37004c.ada
b37004d.ada
b37004e.ada
b37004f.ada
b37004g.ada
b3710010.a
b3710011.a
b3710012.a
b3710013.a
b3710014.am
b37101a.ada
b37102a.ada
b37104a.ada
b37106a.ada
b37201a.ada
b37201b.ada
b37203a.ada
b37301i.ada
b37301j.ada
b37302a.ada
b37303a.ada
b37309b.ada
b37310b.ada
b37311a.ada
b37401a.ada
b37409b.ada
b380001.a
b38003a.ada
b38003b.ada
b38003c.ada
b38003d.ada
b38008a.ada
b38008b.ada
b38009a.ada
b38009d.ada
b38103a.ada
b38103b.ada
b38103c0.ada
b38103c1.ada
b38103c2.ada
b38103c3.ada
b38103d.ada
b38103e0.ada
b38103e1.ada
b38105b.ada
b38203a.ada
b390001.a
b391001.a
b391002.a
b391003.a
b391004.a
b392001.a
b392002.a
b392003.a
b392004.a
b392005.a
b392006.a
b392007.a
b392008.a
b392009.a
b392010.a
b392011.a
b393001.a
b393002.a
b393003.a
b393004.a
b393005.a
b393006.a
b393007.a
b393008.a
b393009.a
b393010.a
b3930110.a
b3930111.a
b3930112.a
b3930113.a
b393012.a
b393013.a
b394001.a
b394a01.a
b394a02.a
b394a03.a
b394a04.a
b394a05.a
b3a0001.a
b3a0002.a
b3a0003.a
b3a0004.a
b3a0005.a
b3a0006.a
b3a0007.a
b3a0008.a
b3a1001.a
b3a1002.a
b3a1003.a
b3a10040.a
b3a10041.a
b3a10042.a
b3a1005.a
b3a1006.a
b3a10070.a
b3a10071.a
b3a1008.a
b3a10090.a
b3a10091.a
b3a1010.a
b3a1011.a
b3a1a01.a
b3a1a02.a
b3a1a030.a
b3a1a031.a
b3a1a04.a
b3a1a05.a
b3a1a060.a
b3a1a061.a
b3a1a062.a
b3a1a063.a
b3a1a064.a
b3a1a065.a
b3a2002.a
b3a2003.a
b3a2004.a
b3a2005.a
b3a2006.a
b3a2007.a
b3a2008.a
b3a2009.a
b3a2010.a
b3a2011.a
b3a2012.a
b3a2013.a
b3a2014.a
b3a2015.a
b3a2016.a
b3a20170.a
b3a20171.a
b3a20172.a
b3a20173.a
b3a20174.a
b3a2018.a
b41101a.ada
b41101c.ada
b41201a.ada
b41201c.ada
b41202c.ada
b41202d.ada
b413001.a
b413002.a
b413003.a
b413004.a
b413005.a
b41324b.ada
b41325b.ada
b41327b.ada
b415001.a
b415002.a
b416001.a
b416002.a
b416a01.a
b420001.a
b430001.a
b43002d.ada
b43002e.ada
b43002f.ada
b43002g.ada
b43002h.ada
b43002i.ada
b43002j.ada
b43002k.ada
b43005a.ada
b43005b.ada
b43005f.ada
b431001.a
b431002.a
b431003.a
b431004.a
b431005.a
b431006.a
b4310070.a
b4310071.a
b4310072.a
b431008.a
b431009.a
b43101a.ada
b43102b.ada
b43105c.ada
b432001.a
b4320020.a
b4320021.a
b4320022.a
b432003.a
b43201a.ada
b43201c.ada
b43201d.ada
b43202a.ada
b43202c.ada
b43209b.ada
b43221a.ada
b43221b.ada
b43223a.ada
b433001.a
b433002.a
b433003.a
b433004.a
b440001.a
b44001a.ada
b44001b.ada
b44002b.ada
b44002c.ada
b44004a.ada
b44004b.ada
b44004c.ada
b44004d.ada
b44004e.ada
b45102a.ada
b45116a.ada
b45121a.ada
b452001.a
b452002.a
b45204a.ada
b45205a.ada
b45206c.ada
b45207a.ada
b45207b.ada
b45207c.ada
b45207d.ada
b45207g.ada
b45207h.ada
b45207i.ada
b45207j.ada
b45207m.ada
b45207n.ada
b45207o.ada
b45207p.ada
b45207s.ada
b45207t.ada
b45207u.ada
b45207v.ada
b45208a.ada
b45208b.ada
b45208c.ada
b45208g.ada
b45208h.ada
b45208i.ada
b45208m.ada
b45208n.ada
b45208s.ada
b45208t.ada
b45209a.ada
b45209b.ada
b45209c.ada
b45209d.ada
b45209e.ada
b45209f.ada
b45209g.ada
b45209h.ada
b45209i.ada
b45209j.ada
b45209k.ada
b45221a.ada
b45261a.ada
b45261b.ada
b45261c.ada
b45261d.ada
b45301a.ada
b45301b.ada
b45301c.ada
b45302a.ada
b45341a.ada
b455002.a
b45501a.ada
b45501b.ada
b45501c.ada
b45522a.ada
b45537a.ada
b45601a.ada
b45625a.ada
b45661a.ada
b457001.a
b457002.a
b457003.a
b457004.a
b457005.a
b457006.a
b457007.a
b458001.a
b460001.a
b460002.a
b460004.a
b460005.a
b460006.a
b46002a.ada
b46003a.ada
b46004a.ada
b46004b.ada
b46004c.ada
b46004d.ada
b46004e.ada
b46005a.ada
b470001.a
b47001a.ada
b480001.a
b480002.a
b480003.a
b480004.a
b48001a.ada
b48001b.ada
b48002a.ada
b48002b.ada
b48002c.ada
b48002d.ada
b48002e.ada
b48002g.ada
b48003a.ada
b48003b.ada
b48003d.ada
b48003e.ada
b490001.a
b490002.a
b490003.a
b490004.a
b49002a.ada
b49004a.ada
b49005a.ada
b49007a.ada
b49007b.ada
b49008a.ada
b49008c.ada
b49009b.ada
b49009c.ada
b49010a.ada
b49011a.ada
b4a010c.ada
b4a016a.ada
b51001a.ada
b51004b.ada
b51004c.ada
b52002a.ada
b52002b.ada
b52002c.ada
b52002d.ada
b52002e.ada
b52002f.ada
b52002g.ada
b52004a.ada
b52004b.ada
b52004c.ada
b52004d.dep
b52004e.dep
b53001a.ada
b53001b.ada
b53002a.ada
b53002b.ada
b53009a.ada
b53009b.ada
b53009c.ada
b540001.a
b540002.a
b54a01b.ada
b54a01f.ada
b54a01g.ada
b54a01l.ada
b54a05a.ada
b54a05b.ada
b54a10a.ada
b54a12a.ada
b54a20a.ada
b54a21a.ada
b54a25a.ada
b54a60a.ada
b54a60b.ada
b54b01b.tst
b54b01c.ada
b54b02b.ada
b54b02c.ada
b54b02d.ada
b54b04a.ada
b54b04b.ada
b54b05a.ada
b54b06a.ada
b551001.a
b551002.a
b552001.a
b552a01.a
b552a02.a
b552a03.a
b552a04.a
b552a05.a
b55a01a.ada
b55a01d.ada
b55a01e.ada
b55a01j.ada
b55a01k.ada
b55a01l.ada
b55a01n.ada
b55a01o.ada
b55a01t.ada
b55a01u.ada
b55a01v.ada
b55b01a.ada
b55b01b.ada
b55b09b.ada
b55b09c.dep
b55b09d.dep
b55b12b.ada
b55b12c.ada
b55b17a.ada
b55b17b.ada
b55b17c.ada
b55b18a.ada
b56001a.ada
b56001d.ada
b56001e.ada
b56001f.ada
b56001g.ada
b56001h.ada
b57001a.ada
b57001b.ada
b57001c.ada
b57001d.ada
b58003a.ada
b58003b.ada
b59001a.ada
b59001c.ada
b59001d.ada
b59001e.ada
b59001f.ada
b59001g.ada
b59001h.ada
b59001i.ada
b610001.a
b610002.a
b61001f.ada
b61005a.ada
b61006a.ada
b61011a.ada
b611001.a
b611002.a
b611003.a
b611004.a
b611005.a
b611006.a
b611007.a
b611008.a
b611009.a
b611010.a
b611011.a
b611012.a
b611013.a
b611014.a
b611015.a
b611016.a
b611017.a
b611018.a
b611019.a
b62001a.ada
b62001b.ada
b62001c.ada
b62001d.ada
b63001a.ada
b63001b.ada
b63005a.ada
b63005b.ada
b63006a.ada
b63009a.ada
b63009b.ada
b63009c0.ada
b63009c1.ada
b63009c2.ada
b63009c3.ada
b631001.a
b63103a.ada
b640001.a
b64002a.ada
b64002c.ada
b64003a.ada
b64004a.ada
b64004b.ada
b64004c.ada
b64004d.ada
b64004e.ada
b64004f.ada
b641001.a
b641002.a
b641003.a
b64101a.ada
b650001.a
b650002.a
b650003.a
b650004.a
b650005.a
b650006.a
b650007.a
b65002a.ada
b65002b.ada
b651001.a
b651002.a
b651003.a
b651004.a
b660001.a
b660002.a
b660003.a
b66001a.ada
b66001b.ada
b66001c.ada
b66001d.ada
b6700010.a
b6700011.am
b6700012.a
b6700013.a
b67001a.ada
b67001b.ada
b67001c.ada
b67001d.ada
b67001h.ada
b67001i.ada
b67001j.ada
b67001k.ada
b67004a.ada
b680001.a
b71001a.ada
b71001b.ada
b71001c.ada
b71001d.ada
b71001f.ada
b71001g.ada
b71001h.ada
b71001i.ada
b71001j.ada
b71001l.ada
b71001m.ada
b71001n.ada
b71001o.ada
b71001p.ada
b71001r.ada
b71001t.ada
b71001u.ada
b71001v.ada
b7200010.a
b7200011.a
b7200012.a
b7200013.a
b7200014.a
b7200015.a
b7200016.a
b730001.a
b730002.a
b730003.a
b730004.a
b730005.a
b7300060.a
b7300061.a
b7300062.a
b7300063.am
b730007.a
b730008.a
b730009.a
b730010.a
b730011.a
b730012.a
b730013.a
b73001a.ada
b73001b.ada
b73001c.ada
b73001d.ada
b73001e.ada
b73001f.ada
b73001g.ada
b73001h.ada
b73004a.ada
b73004b0.ada
b73004b1.ada
b73004b2.ada
b7310010.a
b7310011.a
b7310012.a
b7310013.a
b7310014.a
b7310015.a
b7310016.am
b731a01.a
b731a02.a
b732001.a
b732c01.a
b732c02.a
b740001.a
b740002.a
b7400030.a
b7400031.a
b7400032.am
b74101a.ada
b74101b.ada
b74103a.ada
b74103d.ada
b74103e.ada
b74103g.ada
b74103i.ada
b74104a.ada
b74105a.ada
b74105c.ada
b74201a.ada
b74202a.ada
b74202b.ada
b74202c.ada
b74202d.ada
b74203b.ada
b74203c.ada
b74203d.ada
b74205a.ada
b74207a.ada
b74304a.ada
b74304b.ada
b74304c.ada
b74404a.ada
b74404b.ada
b74409a.ada
b750a01.a
b750a02.a
b750a03.a
b750a04.a
b750a05.a
b750a06.a
b750a07.a
b750a08.a
b750a09.a
b750a10.a
b750a11.a
b750a12.a
b750a13.a
b810001.a
b8300010.a
b8300011.a
b8300012.a
b8300013.a
b8300014.a
b8300015.a
b8300020.a
b8300021.a
b8300022.a
b8300023.a
b8300024.a
b8300025.am
b830003.a
b8300040.a
b8300041.a
b8300042.a
b8300043.a
b8300044.a
b8300045.a
b8300046.a
b8300047.a
b8300048.a
b8300050.a
b8300051.a
b8300052.a
b8300053.a
b8300054.a
b8300055.a
b8300056.a
b8300057.a
b8300058.a
b830006.a
b83001a.ada
b83003a.ada
b83003b0.ada
b83003b1.ada
b83003b2.ada
b83003b3.ada
b83003b4.ada
b83003c.ada
b83006a.ada
b83006b.ada
b83008a.ada
b83008b.ada
b83011a.ada
b83023b.ada
b83024b.ada
b83024f0.ada
b83024f1.ada
b83024f2.ada
b83024f3.ada
b83026b.ada
b83027b.ada
b83027d.ada
b83028b.ada
b83029b.ada
b83030b.ada
b83030d.ada
b83031b.ada
b83031d.ada
b83031f.ada
b83032b.ada
b83033b.ada
b83041e.ada
b8310010.a
b8310011.a
b8310012.a
b831002.a
b8310030.a
b8310031.a
b8310032.a
b8310033.a
b831004.a
b8310050.a
b8310051.a
b8310052.a
b8310053.a
b831006.a
b83a01a.ada
b83a01b.ada
b83a01c.ada
b83a05a.ada
b83a06b.ada
b83a06h.ada
b83a07a.ada
b83a07b.ada
b83a07c.ada
b83a08b.ada
b83a09a.ada
b83b01a.ada
b83b02c.ada
b83e01a.ada
b83e01b.ada
b83e01c.ada
b83e01d.ada
b83e01e0.ada
b83e01e1.ada
b83e01e2.ada
b83e01e3.ada
b83e01f0.ada
b83e01f1.ada
b83e01f2.ada
b83e01f3.ada
b83e01f4.ada
b83e01f5.ada
b83e01f6.ada
b83e11a.ada
b83f02a.ada
b83f02b.ada
b83f02c.ada
b840001.a
b8400020.a
b8400021.a
b8400022.a
b8400023.a
b8400024.a
b8400025.a
b840003.a
b84001a.ada
b84002b.ada
b84004a.ada
b84005b.ada
b84006a.ada
b84007a.ada
b84008b.ada
b85001a.ada
b85001b.ada
b85001c.ada
b85001d.ada
b85001e.ada
b85001f.ada
b85001g.ada
b85001h.ada
b85001i.ada
b85001j.ada
b85001k.ada
b85001l.ada
b85004a.ada
b85008f.ada
b85008g.ada
b85008h.ada
b85010a.ada
b85010b.ada
b85012a.ada
b85013c.ada
b85013d.ada
b85015a.ada
b8510010.a
b8510011.a
b8510012.am
b851002.a
b851003.a
b851004.a
b851005.a
b851006.a
b851007.a
b8530010.a
b8530011.a
b8530012.a
b8530013.a
b8530014.a
b854001.a
b854002.a
b854003.a
b854004.a
b854005.a
b860001.a
b860002.a
b86001a0.ada
b86001a1.ada
b87b23b.ada
b87b26a.ada
b87b48c.ada
b91001b.ada
b91001c.ada
b91001d.ada
b91001e.ada
b91001f.ada
b91001g.ada
b91002a.ada
b91002b.ada
b91002c.ada
b91002d.ada
b91002e.ada
b91002f.ada
b91002g.ada
b91002h.ada
b91002i.ada
b91002j.ada
b91002k.ada
b91002l.ada
b91003a.ada
b91003b.ada
b91003c.ada
b91003d.ada
b91003e.ada
b91004a.ada
b91005a.ada
b92001a.ada
b92001b.ada
b940001.a
b940002.a
b940003.a
b9400040.a
b9400041.a
b9400042.a
b9400043.a
b9400044.a
b9400045.a
b9400046.a
b9400047.a
b940005.a
b940006.a
b940007.a
b940008.a
b940009.a
b940010.a
b940011.a
b950001.a
b950002.a
b95001a.ada
b95001b.ada
b95001d.ada
b95002a.ada
b95003a.ada
b95004a.ada
b95004b.ada
b95006a.ada
b95006b.ada
b95006c.ada
b95006d.ada
b95007a.ada
b95007b.ada
b95020a.ada
b95020b0.ada
b95020b1.ada
b95020b2.ada
b95030a.ada
b95031a.ada
b95032a.ada
b95061a.ada
b95061b.ada
b95061c.ada
b95061d.ada
b95061e.ada
b95061f.ada
b95061g.ada
b95062a.ada
b95063a.ada
b95064a.ada
b95068a.ada
b95070a.ada
b95080a.ada
b95080c.ada
b95081a.ada
b95082a.ada
b95082b.ada
b95082c.ada
b95082d.ada
b95082e.ada
b95082f.ada
b95083a.ada
b95094a.ada
b95094b.ada
b95094c.ada
b951001.a
b951002.a
b952001.a
b952002.a
b952003.a
b952004.a
b952005.a
b954001.a
b954003.a
b954004.a
b954005.a
b960001.a
b96002a.ada
b97102b.ada
b97102c.ada
b97102d.ada
b97102f.ada
b97102g.ada
b97102h.ada
b97102i.ada
b97103a.ada
b97103b.ada
b97103d.ada
b97103e.ada
b97103f.ada
b97103g.ada
b97104a.ada
b97104b.ada
b97104c.ada
b97104d.ada
b97104e.ada
b97104f.ada
b97104g.ada
b97107a.ada
b97108a.ada
b97108b.ada
b97109a.ada
b97110a.ada
b97110b.ada
b97111a.ada
b99001a.ada
b99001b.ada
b99002a.ada
b99002b.ada
b99002c.ada
b99003a.ada
b9a001a.ada
b9a001b.ada
ba1001a0.ada
ba1001a1.ada
ba1001a4.ada
ba1001ac.ada
ba1001d.ada
ba1010a0.ada
ba1010a1.ada
ba1010a2.ada
ba1010a3.ada
ba1010b0.ada
ba1010b1.ada
ba1010b2.ada
ba1010b4.ada
ba1010b5.ada
ba1010b6.ada
ba1010b7.ada
ba1010b8.ada
ba1010c0.ada
ba1010c1.ada
ba1010c2.ada
ba1010c3.ada
ba1010c4.ada
ba1010c5.ada
ba1010c6.ada
ba1010d0.ada
ba1010d1.ada
ba1010d2.ada
ba1010d3.ada
ba1010e0.ada
ba1010e1.ada
ba1010e2.ada
ba1010e3.ada
ba1010e4.ada
ba1010e5.ada
ba1010e6.ada
ba1010f0.ada
ba1010f1.ada
ba1010f3.ada
ba1010f4.ada
ba1010f5.ada
ba1010f6.ada
ba1010f7.ada
ba1010f8.ada
ba1010g0.ada
ba1010g2.ada
ba1010g3.ada
ba1010g4.ada
ba1010g5.ada
ba1010h0.ada
ba1010h2.ada
ba1010i0.ada
ba1010i1.ada
ba1010i3.ada
ba1010i4.ada
ba1010j0.ada
ba1010j1.ada
ba1010j2.ada
ba1010j4.ada
ba1010j5.ada
ba1010j6.ada
ba1010j7.ada
ba1010j8.ada
ba1010k0.ada
ba1010k1.ada
ba1010k2.ada
ba1010k3.ada
ba1010k4.ada
ba1010k5.ada
ba1010k6.ada
ba1010l0.ada
ba1010l1.ada
ba1010l2.ada
ba1010l3.ada
ba1010l4.ada
ba1010l5.ada
ba1010l6.ada
ba1010m0.ada
ba1010m1.ada
ba1010m3.ada
ba1010m4.ada
ba1010m5.ada
ba1010m6.ada
ba1010m7.ada
ba1010m8.ada
ba1010n0.ada
ba1010n2.ada
ba1010n3.ada
ba1010n4.ada
ba1010n5.ada
ba1010p0.ada
ba1010p2.ada
ba1010q0.ada
ba1010q1.ada
ba1010q3.ada
ba1010q4.ada
ba1011b0.ada
ba1011b1.ada
ba1011b2.ada
ba1011b3.ada
ba1011b4.ada
ba1011b5.ada
ba1011b6.ada
ba1011b7.ada
ba1011b8.ada
ba1011c0.ada
ba1011c1.ada
ba1011c2.ada
ba1011c3.ada
ba1011c4.ada
ba1011c5.ada
ba1011c6.ada
ba1011c7.ada
ba1011c8.ada
ba1020a0.ada
ba1020a1.ada
ba1020a2.ada
ba1020a3.ada
ba1020a4.ada
ba1020a5.ada
ba1020a6.ada
ba1020a7.ada
ba1020a8.ada
ba1020b0.ada
ba1020b1.ada
ba1020b2.ada
ba1020b3.ada
ba1020b4.ada
ba1020b5.ada
ba1020b6.ada
ba1020c0.ada
ba1020c1.ada
ba1020c2.ada
ba1020c3.ada
ba1020c4.ada
ba1020c5.ada
ba1020f0.ada
ba1020f1.ada
ba1020f2.ada
ba11001.a
ba11002.a
ba11003.a
ba11004.a
ba11005.a
ba110070.a
ba110071.a
ba110072.a
ba110073.a
ba110074.a
ba110075.a
ba11008.a
ba11009.a
ba11010.a
ba11011.a
ba11012.a
ba110130.a
ba110131.a
ba110132.a
ba110133.a
ba110134.am
ba110140.a
ba110141.a
ba110142.a
ba1101a.ada
ba1101b0.ada
ba1101b1.ada
ba1101b2.ada
ba1101b3.ada
ba1101b4.ada
ba1101c0.ada
ba1101c1.ada
ba1101c2.ada
ba1101c3.ada
ba1101c4.ada
ba1101c5.ada
ba1101c6.ada
ba1101f.ada
ba1101g.ada
ba1109a0.ada
ba1109a1.ada
ba1109a2.ada
ba1110a0.ada
ba1110a1.ada
ba1110a2.ada
ba1110a3.ada
ba1110a4.ada
ba1110a5.ada
ba12001.a
ba12002.a
ba12003.a
ba12004.a
ba12005.a
ba12007.a
ba12008.a
ba120090.a
ba120091.a
ba120092.a
ba120093.a
ba120094.a
ba120095.a
ba120096.a
ba120097.a
ba120098.a
ba120100.a
ba120101.a
ba120102.a
ba120103.a
ba120104.a
ba120105.a
ba120110.a
ba120111.a
ba120112.a
ba120113.a
ba120114.a
ba120115.a
ba120120.a
ba120121.a
ba120122.a
ba120123.a
ba120124.a
ba120125.a
ba120126.a
ba120127.a
ba120128.a
ba120129.a
ba12012a.a
ba120130.a
ba120131.a
ba120132.a
ba120133.a
ba120134.a
ba120135.a
ba120136.a
ba120137.a
ba120138.a
ba120139.a
ba12013a.a
ba120140.a
ba120141.a
ba120142.a
ba120143.a
ba120144.a
ba120145.a
ba120146.a
ba120147.a
ba120150.a
ba120151.a
ba120152.a
ba120153.a
ba120154.a
ba120160.a
ba120161.a
ba120162.a
ba120163.a
ba120164.a
ba120165.a
ba120166.a
ba120170.a
ba120171.a
ba120172.a
ba120173.a
ba120180.a
ba120181.a
ba120182.a
ba120183.a
ba120184.a
ba120185.a
ba120186.a
ba120187.a
ba13b01.a
ba13b02.a
ba140010.a
ba140011.a
ba140012.a
ba140013.a
ba140014.a
ba140015.a
ba140016.a
ba140017.a
ba140018.a
ba140019.a
ba14001a.a
ba140020.a
ba140021.a
ba140022.a
ba140023.a
ba140024.a
ba140025.a
ba140026.a
ba140027.a
ba140030.a
ba140031.a
ba140032.am
ba15001.a
ba150020.a
ba150021.a
ba150022.a
ba150023.a
ba150024.a
ba150025.a
ba150026.a
ba150027.a
ba150028.a
ba150029.am
ba150030.a
ba150031.a
ba150032.a
ba150033.a
ba150034.a
ba150035.a
ba150036.a
ba150037.a
ba150038.a
ba150039.a
ba15003a.a
ba15003b.am
ba16001.a
ba16002.a
ba2001a.ada
ba2001b.ada
ba2001c.ada
ba2001d.ada
ba2001f0.ada
ba2001f1.ada
ba2001f2.ada
ba2003b0.ada
ba2003b1.ada
ba2011a0.ada
ba2011a1.ada
ba2011a2.ada
ba2011a3.ada
ba2011a4.ada
ba2011a5.ada
ba2011a6.ada
ba2011a7.ada
ba2011a8.ada
ba2011a9.ada
ba2013a.ada
ba2013b.ada
ba21002.a
ba210030.a
ba210031.a
ba210032.a
ba210033.a
ba210034.a
ba210035.a
ba210040.a
ba210041.a
ba210042.a
ba210043.a
ba210044.a
ba210045.am
ba210050.a
ba210051.a
ba210052.a
ba210053.a
ba210054.a
ba210055.a
ba210056.a
ba210057.am
ba21a01.a
ba21a02.a
ba21a03.a
ba3001a0.ada
ba3001a1.ada
ba3001a2.ada
ba3001a3.ada
ba3001b0.ada
ba3001b1.ada
ba3001c0.ada
ba3001c1.ada
ba3001e0.ada
ba3001e1.ada
ba3001e2.ada
ba3001e3.ada
ba3001f0.ada
ba3001f1.ada
ba3001f2.ada
ba3001f3.ada
ba3006a0.ada
ba3006a1.ada
ba3006a2.ada
ba3006a3.ada
ba3006a4.ada
ba3006a5.ada
ba3006a6.ada
ba3006b0.ada
ba3006b1.ada
ba3006b2.ada
ba3006b3.ada
ba3006b4.ada
bb10001.a
bb20001.a
bb2001a.ada
bb2002a.ada
bb2003a.ada
bb2003b.ada
bb2003c.ada
bb3001a.ada
bb3002a.ada
bb42001.a
bb42002.a
bb42003.a
bb50001.a
bc100010.a
bc100011.a
bc100012.a
bc100013.a
bc100014.a
bc1001a.ada
bc1002a.ada
bc1005a.ada
bc1008a.ada
bc1008b.ada
bc1008c.ada
bc1009a.ada
bc1011a.ada
bc1011b.ada
bc1011c.ada
bc1012a.ada
bc1013a.ada
bc1014a.ada
bc1014b.ada
bc1016a.ada
bc1016b.ada
bc1101a.ada
bc1102a.ada
bc1103a.ada
bc1106a.ada
bc1107a.ada
bc1109a.ada
bc1109b.ada
bc1109c.ada
bc1109d.ada
bc1110a.ada
bc1201a.ada
bc1201b.ada
bc1201c.ada
bc1201d.ada
bc1201e.ada
bc1201f.ada
bc1201g.ada
bc1201h.ada
bc1201i.ada
bc1201j.ada
bc1201k.ada
bc1201l.ada
bc1202a.ada
bc1202e.ada
bc1202f.ada
bc1202g.ada
bc1203a.ada
bc1205a.ada
bc1206a.ada
bc1207a.ada
bc1208a.ada
bc1226a.ada
bc1230a.ada
bc1303a.ada
bc1303b.ada
bc1303c.ada
bc1303d.ada
bc1303e.ada
bc1303f.ada
bc1303g.ada
bc1306a.ada
bc2001b.ada
bc2001c.ada
bc2004a.ada
bc2004b.ada
bc30001.a
bc3001a.ada
bc3002a.ada
bc3002b.ada
bc3002c.ada
bc3002d.ada
bc3002e.ada
bc3005a.ada
bc3005b.ada
bc3005c.ada
bc3006a.ada
bc3009c.ada
bc3011b.ada
bc3013a.ada
bc3016g.ada
bc3018a.ada
bc3101a.ada
bc3101b.ada
bc3102a.ada
bc3102b.ada
bc3103b.ada
bc3123c.ada
bc3201a.ada
bc3201b.ada
bc3201c.ada
bc3202a.ada
bc3202b.ada
bc3202c.ada
bc3202d.ada
bc3205c.ada
bc3301a.ada
bc3301b.ada
bc3302a.ada
bc3302b.ada
bc3303a.ada
bc3304a.ada
bc3401a.ada
bc3401b.ada
bc3402a.ada
bc3402b.ada
bc3403a.ada
bc3403b.ada
bc3403c.ada
bc3404a.ada
bc3404b.ada
bc3404c.ada
bc3404d.ada
bc3404e.ada
bc3404f.ada
bc3405a.ada
bc3405b.ada
bc3405d.ada
bc3405e.ada
bc3405f.ada
bc3501a.ada
bc3501b.ada
bc3501c.ada
bc3501d.ada
bc3501e.ada
bc3501f.ada
bc3501g.ada
bc3501h.ada
bc3501i.ada
bc3501j.ada
bc3501k.ada
bc3502a.ada
bc3502b.ada
bc3502c.ada
bc3502d.ada
bc3502e.ada
bc3502f.ada
bc3502g.ada
bc3502h.ada
bc3502i.ada
bc3502j.ada
bc3502k.ada
bc3502l.ada
bc3502m.ada
bc3502n.ada
bc3502o.ada
bc3503a.ada
bc3503c.ada
bc3503d.ada
bc3503e.ada
bc3503f.ada
bc3604a.ada
bc3604b.ada
bc3607a.ada
bc40002.a
bc40003.a
bc50001.a
bc50002.a
bc50003.a
bc50004.a
bc51002.a
bc51003.a
bc51004.a
bc51005.a
bc51006.a
bc51007.a
bc51011.a
bc51012.a
bc51013.a
bc51015.a
bc51016.a
bc51017.a
bc51018.a
bc51019.a
bc51020.a
bc510210.a
bc510211.a
bc510212.a
bc510213.am
bc510220.a
bc510221.a
bc510222.a
bc510223.am
bc51b01.a
bc51b02.a
bc51c01.a
bc51c02.a
bc53001.a
bc53002.a
bc54001.a
bc54002.a
bc54003.a
bc54004.a
bc54a01.a
bc54a02.a
bc54a03.a
bc54a04.a
bc54a05.a
bc54a06.a
bc55001.a
bc60001.a
bc60002.a
bc60003.a
bc60004.a
bc60005.a
bc70001.a
bc70002.a
bc70003.a
bc70004.a
bc70005.a
bc70006.a
bc70007.a
bc70008.a
bc70009.a
bc70010.a
bd10001.a
bd11001.a
bd11002.a
bd1b01a.ada
bd1b02b.ada
bd1b03c.ada
bd1b05e.ada
bd1b06j.ada
bd2001b.ada
bd2a01h.ada
bd2a02a.tst
bd2a03a.ada
bd2a03b.ada
bd2a06a.ada
bd2a25a.ada
bd2a35a.ada
bd2a45a.ada
bd2a55a.ada
bd2a55b.ada
bd2a67a.ada
bd2a77a.ada
bd2a85a.ada
bd2a85b.ada
bd2b01c.ada
bd2b02a.ada
bd2b03a.ada
bd2b03b.ada
bd2b03c.ada
bd2c01d.tst
bd2c02a.tst
bd2c03a.tst
bd2d01c.ada
bd2d01d.ada
bd2d02a.ada
bd2d03a.ada
bd2d03b.ada
bd30001.a
bd30002.a
bd30003.a
bd3001a.ada
bd3001b.ada
bd3001c.ada
bd3002a.ada
bd3003a.ada
bd3003b.ada
bd3012a.ada
bd3013a.ada
bd4001a.ada
bd4002a.ada
bd4003a.ada
bd4003b.ada
bd4003c.ada
bd4006a.tst
bd4007a.ada
bd4009a.ada
bd4011a.ada
bd5001a.ada
bd5005a.ada
bd5005d.ada
bd5102a.ada
bd5102b.ada
bd5103a.ada
bd5104a.ada
bd7001a.ada
bd7101h.ada
bd7201c.ada
bd7203a.ada
bd7204a.ada
bd7205a.ada
bd7301a.ada
bd7302a.ada
bd8001a.tst
bd8002a.tst
bd8003a.tst
bd8004a.tst
bd8004b.tst
bd8004c.tst
bdb0a01.a
bdb2001.a
bdb3a01.a
bdc10010.a
bdc10011.a
bdc10020.a
bdc10021.a
bdc10030.a
bdc10031.a
bdb4001.a
bdd2001.a
bdd2002.a
bdd2003.a
bdd2004.a
bdd2005.a
bdd2006.a
bdd2007.a
bde0001.a
bde0002.a
bde0003.a
bde0004.a
bde0005.a
bde0006.a
bde0007.a
bde0008.a
bde0009.a
bde0010.a
bde0011.a
be2101e.ada
be2101j.ada
be2114a.ada
be2116a.ada
be2208a.ada
be3002a.ada
be3002e.ada
be3205a.ada
be3301c.ada
be3606c.ada
be3703a.ada
be3802a.ada
be3803a.ada
be3902a.ada
be3903a.ada
bxa8001.a
bxac001.a
bxac002.a
bxac003.a
bxac005.a
bxai001.a
bxai002.a
bxai003.a
bxai004.a
bxai005.a
bxai006.a
bxai007.a
bxai008.a
bxaia01.a
bxaia02.a
bxaia03.a
bxaia04.a
bxb3001.a
bxb3002.a
bxb3003.a
bxb3004.a
bxc3001.a
bxc3002.a
bxc5001.a
bxc6001.a
bxc6002.a
bxc6003.a
bxc6a01.a
bxc6a02.a
bxc6a03.a
bxc6a04.a
bxd1001.a
bxd1002.a
bxe2007.a
bxe2008.a
bxe2009.a
bxe2010.a
bxe2011.a
bxe2012.a
bxe2013.a
bxe2a01.a
bxe2a02.a
bxe2a03.a
bxe2a04.a
bxe2a05.a
bxe2a06.a
bxe4001.a
bxf1001.a
bxh4001.a
bxh4002.a
bxh4003.a
bxh4004.a
bxh4005.a
bxh4006.a
bxh4007.a
bxh4008.a
bxh4009.a
bxh4010.a
bxh4011.a
bxh4012.a
bxh4013.a
c23001a.ada
c23003a.tst
c23003b.tst
c23003g.tst
c23003i.tst
c23006a.ada
c23006b.ada
c23006c.ada
c23006d.ada
c23006e.ada
c23006f.ada
c23006g.ada
c24002d.ada
c24003a.ada
c24003b.ada
c24003c.ada
c24106a.ada
c24202d.ada
c24203a.ada
c24203b.ada
c24207a.ada
c24211a.ada
c250001.au
c250002.au
c25001a.ada
c25001b.ada
c26006a.ada
c26008a.ada
c2a001a.ada
c2a001b.ada
c2a001c.ada
c2a002a.ada
c2a008a.ada
c2a021b.ada
c32001a.ada
c32001b.ada
c32001c.ada
c32001d.ada
c32001e.ada
c32107a.ada
c32107c.ada
c32108a.ada
c32108b.ada
c32111a.ada
c32111b.ada
c32112b.ada
c32113a.ada
c32115a.ada
c32115b.ada
c324001.a
c324002.a
c324003.a
c324004.a
c324005.a
c324006.a
c330001.a
c330002.a
c332001.a
c340001.a
c34001a.ada
c34001c.ada
c34001d.ada
c34001f.ada
c34002a.ada
c34002c.ada
c34003a.ada
c34003c.ada
c34004a.ada
c34004c.ada
c34005a.ada
c34005c.ada
c34005d.ada
c34005f.ada
c34005g.ada
c34005i.ada
c34005j.ada
c34005l.ada
c34005m.ada
c34005o.ada
c34005p.ada
c34005r.ada
c34005s.ada
c34005u.ada
c34005v.ada
c34006a.ada
c34006d.ada
c34006f.ada
c34006g.ada
c34006j.ada
c34006l.ada
c34007a.ada
c34007d.ada
c34007f.ada
c34007g.ada
c34007i.ada
c34007j.ada
c34007m.ada
c34007p.ada
c34007r.ada
c34007s.ada
c34007u.ada
c34007v.ada
c34008a.ada
c34009a.ada
c34009d.ada
c34009f.ada
c34009g.ada
c34009j.ada
c34009l.ada
c34011b.ada
c34012a.ada
c34014a.ada
c34014c.ada
c34014e.ada
c34014g.ada
c34014h.ada
c34014n.ada
c34014p.ada
c34014r.ada
c34014t.ada
c34014u.ada
c34018a.ada
c340a01.a
c340a02.a
c341a01.a
c341a02.a
c341a03.a
c341a04.a
c350001.a
c35003a.ada
c35003b.ada
c35003d.ada
c350a01.a
c350a02.a
c350b01.a
c350b02.a
c35102a.ada
c352001.a
c354002.a
c354003.a
c354004.a
c35502a.ada
c35502b.ada
c35502c.ada
c35502d.tst
c35502e.ada
c35502f.tst
c35502g.ada
c35502h.ada
c35502i.ada
c35502j.ada
c35502k.ada
c35502l.ada
c35502m.ada
c35502n.ada
c35502o.ada
c35502p.ada
c35503a.ada
c35503b.ada
c35503c.ada
c35503d.tst
c35503e.ada
c35503f.tst
c35503g.ada
c35503h.ada
c35503k.ada
c35503l.ada
c35503o.ada
c35503p.ada
c35504a.ada
c35504b.ada
c35505c.ada
c35505e.ada
c35505f.ada
c35507a.ada
c35507b.ada
c35507c.ada
c35507e.ada
c35507g.ada
c35507h.ada
c35507i.ada
c35507j.ada
c35507k.ada
c35507l.ada
c35507m.ada
c35507n.ada
c35507o.ada
c35507p.ada
c35508a.ada
c35508b.ada
c35508c.ada
c35508e.ada
c35508g.ada
c35508h.ada
c35508k.ada
c35508l.ada
c35508o.ada
c35508p.ada
c35703a.ada
c35704a.ada
c35704b.ada
c35704c.ada
c35704d.ada
c35801d.ada
c35902d.ada
c35904a.ada
c35904b.ada
c35a001.a
c35a02a.ada
c35a05a.ada
c35a05d.ada
c35a05n.ada
c35a05q.ada
c35a07a.ada
c35a07d.ada
c35a08b.ada
c360002.a
c360a01.a
c360a02.a
c360b01.a
c360b02.a
c36104a.ada
c36104b.ada
c36172a.ada
c36172b.ada
c36172c.ada
c36174a.ada
c36180a.ada
c36202c.ada
c36203a.ada
c36204a.ada
c36204b.ada
c36204c.ada
c36204d.ada
c36205a.ada
c36205b.ada
c36205c.ada
c36205d.ada
c36205e.ada
c36205f.ada
c36205g.ada
c36205h.ada
c36205i.ada
c36205j.ada
c36205k.ada
c36205l.ada
c36301a.ada
c36301b.ada
c36302a.ada
c36304a.ada
c36305a.ada
c37002a.ada
c37003a.ada
c37003b.ada
c37005a.ada
c37006a.ada
c37008a.ada
c37008b.ada
c37009a.ada
c37010a.ada
c37010b.ada
c371001.a
c371002.a
c371003.a
c37102b.ada
c37103a.ada
c37105a.ada
c37107a.ada
c37108b.ada
c37206a.ada
c37207a.ada
c37208a.ada
c37208b.ada
c37209a.ada
c37209b.ada
c37210a.ada
c37211a.ada
c37211b.ada
c37211c.ada
c37211d.ada
c37211e.ada
c37213b.ada
c37213d.ada
c37213f.ada
c37213h.ada
c37213j.ada
c37213k.ada
c37213l.ada
c37215b.ada
c37215d.ada
c37215f.ada
c37215h.ada
c37217a.ada
c37217b.ada
c37217c.ada
c37304a.ada
c37305a.ada
c37306a.ada
c37309a.ada
c37310a.ada
c37312a.ada
c37402a.ada
c37403a.ada
c37404a.ada
c37404b.ada
c37405a.ada
c37411a.ada
c380001.a
c380002.a
c380003.a
c380004.a
c38002a.ada
c38002b.ada
c38005a.ada
c38005b.ada
c38005c.ada
c38102a.ada
c38102b.ada
c38102c.ada
c38102d.ada
c38102e.ada
c38104a.ada
c38107a.ada
c38107b.ada
c38108a.ada
c38108b.ada
c38108c0.ada
c38108c1.ada
c38108c2.ada
c38108d0.ada
c38108d1.ada
c3900010.a
c3900011.am
c390002.a
c390003.a
c390004.a
c3900050.a
c3900051.a
c3900052.a
c3900053.am
c3900060.a
c3900061.a
c3900062.a
c3900063.am
c390007.a
c390010.a
c390011.a
c390012.a
c39006a.ada
c39006b.ada
c39006c0.ada
c39006c1.ada
c39006d.ada
c39006e.ada
c39006f0.ada
c39006f1.ada
c39006f2.ada
c39006f3.ada
c39006g.ada
c39007a.ada
c39007b.ada
c39008a.ada
c39008b.ada
c39008c.ada
c390a010.a
c390a011.am
c390a020.a
c390a021.a
c390a022.am
c390a030.a
c390a031.am
c391001.a
c391002.a
c391003.a
c392002.a
c392003.a
c392004.a
c392005.a
c392008.a
c392010.a
c392011.a
c392013.a
c392014.a
c392015.a
c392a01.a
c392c05.a
c392c07.a
c392d01.a
c392d02.a
c392d03.a
c393001.a
c393007.a
c393008.a
c393009.a
c393010.a
c393011.a
c393012.a
c393013.a
c393a02.a
c393a03.a
c393a05.a
c393a06.a
c393b12.a
c393b13.a
c393b14.a
c394001.a
c394002.a
c394003.a
c3a0001.a
c3a0002.a
c3a0003.a
c3a0004.a
c3a0005.a
c3a0006.a
c3a0007.a
c3a0008.a
c3a0009.a
c3a0010.a
c3a0011.a
c3a00120.a
c3a00121.a
c3a00122.am
c3a0013.a
c3a0014.a
c3a0015.a
c3a0016.a
c3a0017.a
c3a0018.a
c3a0019.a
c3a0020.a
c3a0021.a
c3a0022.a
c3a0023.a
c3a0024.a
c3a0025.a
c3a0026.a
c3a0027.a
c3a0028.a
c3a0029.a
c3a0030.a
c3a1001.a
c3a1002.a
c3a10030.a
c3a10031.a
c3a10032.am
c3a10040.a
c3a10041.a
c3a10042.am
c3a2001.a
c3a2002.a
c3a2003.a
c3a2004.a
c3a2a01.a
c3a2a02.a
c410001.a
c41101d.ada
c41103a.ada
c41103b.ada
c41104a.ada
c41105a.ada
c41107a.ada
c41201d.ada
c41203a.ada
c41203b.ada
c41204a.ada
c41205a.ada
c41206a.ada
c41207a.ada
c413001.a
c413002.a
c413003.a
c413004.a
c413005.a
c413006.a
c413007.a
c41301a.ada
c41303a.ada
c41303b.ada
c41303c.ada
c41303e.ada
c41303f.ada
c41303g.ada
c41303i.ada
c41303j.ada
c41303k.ada
c41303m.ada
c41303n.ada
c41303o.ada
c41303q.ada
c41303r.ada
c41303s.ada
c41303u.ada
c41303v.ada
c41303w.ada
c41304a.ada
c41304b.ada
c41306b.ada
c41306c.ada
c41307d.ada
c41309a.ada
c41320a.ada
c41321a.ada
c41322a.ada
c41323a.ada
c41324a.ada
c41325a.ada
c41326a.ada
c41327a.ada
c41328a.ada
c41401a.ada
c41402a.ada
c41404a.ada
c415001.a
c416a01.a
c416a02.a
c420001.a
c42006a.ada
c42007e.ada
c43003a.ada
c43004a.ada
c43004c.ada
c431001.a
c431002.a
c43103a.ada
c43103b.ada
c43104a.ada
c43105a.ada
c43105b.ada
c43106a.ada
c43107a.ada
c43108a.ada
c431a01.a
c431a02.a
c431a03.a
c432001.a
c432002.a
c432003.a
c432004.a
c432005.a
c431003.a
c431004.a
c43204a.ada
c43204c.ada
c43204e.ada
c43204f.ada
c43204g.ada
c43204h.ada
c43204i.ada
c43205a.ada
c43205b.ada
c43205c.ada
c43205d.ada
c43205e.ada
c43205g.ada
c43205h.ada
c43205i.ada
c43205j.ada
c43205k.ada
c43206a.ada
c43207b.ada
c43207d.ada
c43208a.ada
c43208b.ada
c43209a.ada
c43210a.ada
c43211a.ada
c43212a.ada
c43212c.ada
c43214a.ada
c43214b.ada
c43214c.ada
c43214d.ada
c43214e.ada
c43214f.ada
c43215a.ada
c43215b.ada
c43222a.ada
c43224a.ada
c433001.a
c433002.a
c433003.a
c433004.a
c433005.a
c433006.a
c433007.a
c433008.a
c433a01.a
c433a02.a
c433a03.a
c433a04.a
c44003d.ada
c44003f.ada
c44003g.ada
c450001.a
c45112a.ada
c45112b.ada
c45113a.ada
c45114b.ada
c452001.a
c452002.a
c452003.a
c452004.a
c452005.a
c452006.a
c452a01.a
c452a02.a
c452a03.a
c45201a.ada
c45201b.ada
c45202b.ada
c45210a.ada
c45211a.ada
c45220a.ada
c45220b.ada
c45220c.ada
c45220d.ada
c45220e.ada
c45220f.ada
c45231a.ada
c45231b.dep
c45231c.dep
c45231d.tst
c45232b.ada
c45242b.ada
c45251a.ada
c45252a.ada
c45252b.ada
c45253a.ada
c45262a.ada
c45262b.ada
c45262c.ada
c45262d.ada
c45264a.ada
c45264b.ada
c45264c.ada
c45265a.ada
c45271a.ada
c45272a.ada
c45273a.ada
c45274a.ada
c45274b.ada
c45274c.ada
c45281a.ada
c45282a.ada
c45282b.ada
c45291a.ada
c453001.a
c45303a.ada
c45304a.ada
c45304b.dep
c45304c.dep
c45322a.ada
c45323a.ada
c45331a.ada
c45342a.ada
c45343a.ada
c45344a.ada
c45345b.ada
c45347a.ada
c45347b.ada
c45347c.ada
c45347d.ada
c45411a.ada
c45411b.dep
c45411c.dep
c45411d.ada
c45413a.ada
c45431a.ada
c455001.a
c45502b.dep
c45502c.dep
c45503a.ada
c45503b.dep
c45503c.dep
c45504a.ada
c45504b.dep
c45504c.dep
c45504d.ada
c45504e.dep
c45504f.dep
c45505a.ada
c45523a.ada
c45531a.ada
c45531b.ada
c45531c.ada
c45531d.ada
c45531e.ada
c45531f.ada
c45531g.ada
c45531h.ada
c45531i.ada
c45531j.ada
c45531k.ada
c45531l.ada
c45531m.dep
c45531n.dep
c45531o.dep
c45531p.dep
c45532a.ada
c45532b.ada
c45532c.ada
c45532d.ada
c45532e.ada
c45532f.ada
c45532g.ada
c45532h.ada
c45532i.ada
c45532j.ada
c45532k.ada
c45532l.ada
c45532m.dep
c45532n.dep
c45532o.dep
c45532p.dep
c45534b.ada
c45536a.dep
c456001.a
c45611a.ada
c45611b.dep
c45611c.dep
c45613a.ada
c45613b.dep
c45613c.dep
c45614a.ada
c45614b.dep
c45614c.dep
c45631a.ada
c45631b.dep
c45631c.dep
c45632a.ada
c45632b.dep
c45632c.dep
c45651a.ada
c45662a.ada
c45662b.ada
c45672a.ada
c457001.a
c457002.a
c457003.a
c457004.a
c457005.a
c457006.a
c457007.a
c458001.a
c458002.a
c458003.a
c458a01.a
c458a02.a
c460001.a
c460002.a
c460004.a
c460005.a
c460006.a
c460007.a
c460008.a
c460009.a
c460010.a
c460011.a
c460012.a
c460013.a
c460014.a
c460015.a
c46011a.ada
c46013a.ada
c46014a.ada
c46021a.ada
c46024a.ada
c46031a.ada
c46032a.ada
c46033a.ada
c46041a.ada
c46042a.ada
c46043b.ada
c46044b.ada
c46051a.ada
c46051b.ada
c46051c.ada
c46052a.ada
c46053a.ada
c46054a.ada
c460a01.a
c460a02.a
c470001.a
c47002a.ada
c47002b.ada
c47002c.ada
c47002d.ada
c47003a.ada
c47004a.ada
c47005a.ada
c47006a.ada
c47007a.ada
c47008a.ada
c47009a.ada
c47009b.ada
c480001.a
c48004a.ada
c48004b.ada
c48004c.ada
c48004d.ada
c48004e.ada
c48004f.ada
c48005a.ada
c48005b.ada
c48006a.ada
c48006b.ada
c48007a.ada
c48007b.ada
c48007c.ada
c48008a.ada
c48008c.ada
c48009a.ada
c48009b.ada
c48009c.ada
c48009d.ada
c48009e.ada
c48009f.ada
c48009g.ada
c48009h.ada
c48009i.ada
c48009j.ada
c48010a.ada
c48011a.ada
c48012a.ada
c490001.a
c490002.a
c490003.a
c49020a.ada
c49021a.ada
c49022a.ada
c49022b.ada
c49022c.ada
c49023a.ada
c49024a.ada
c49025a.ada
c49026a.ada
c4a005b.ada
c4a006a.ada
c4a007a.tst
c4a010a.ada
c4a010b.ada
c4a011a.ada
c4a012b.ada
c4a013a.ada
c4a014a.ada
c51004a.ada
c52005a.ada
c52005b.ada
c52005c.ada
c52005d.ada
c52005e.ada
c52005f.ada
c52008a.ada
c52008b.ada
c52009a.ada
c52009b.ada
c52010a.ada
c52011a.ada
c52011b.ada
c52101a.ada
c52102a.ada
c52102b.ada
c52102c.ada
c52102d.ada
c52103a.ada
c52103b.ada
c52103c.ada
c52103f.ada
c52103g.ada
c52103h.ada
c52103k.ada
c52103l.ada
c52103m.ada
c52103p.ada
c52103q.ada
c52103r.ada
c52103x.ada
c52104a.ada
c52104b.ada
c52104c.ada
c52104f.ada
c52104g.ada
c52104h.ada
c52104k.ada
c52104l.ada
c52104m.ada
c52104p.ada
c52104q.ada
c52104r.ada
c52104x.ada
c52104y.ada
c53007a.ada
c540001.a
c540002.a
c540003.a
c54a03a.ada
c54a04a.ada
c54a07a.ada
c54a13a.ada
c54a13b.ada
c54a13c.ada
c54a13d.ada
c54a22a.ada
c54a23a.ada
c54a24a.ada
c54a24b.ada
c54a42a.ada
c54a42b.ada
c54a42c.ada
c54a42d.ada
c54a42e.ada
c54a42f.ada
c54a42g.ada
c550001.a
c552001.a
c552002.a
c552a01.a
c552a02.a
c55b03a.ada
c55b04a.ada
c55b05a.ada
c55b06a.ada
c55b06b.ada
c55b07a.dep
c55b07b.dep
c55b10a.ada
c55b11a.ada
c55b11b.ada
c55b15a.ada
c55b16a.ada
c55c02a.ada
c55c02b.ada
c56002a.ada
c57003a.ada
c57004a.ada
c57004b.ada
c58004c.ada
c58004d.ada
c58004g.ada
c58005a.ada
c58005b.ada
c58005h.ada
c58006a.ada
c58006b.ada
c59002a.ada
c59002b.ada
c59002c.ada
c61008a.ada
c61009a.ada
c61010a.ada
c611001.a
c611a01.a
c611a020.a
c611a021.a
c611a022.am
c611a030.a
c611a031.a
c611a032.am
c611a040.a
c611a041.a
c611a042.a
c611a043.am
c611b010.a
c611b011.a
c611b012.am
c611b020.a
c611b021.a
c611b022.am
c611b030.a
c611b031.a
c611b032.a
c611b033.am
c620001.a
c620002.a
c62002a.ada
c62003b.ada
c62004a.ada
c62006a.ada
c631001.a
c640001.a
c640002.a
c64002b.ada
c64004g.ada
c64005a.ada
c64005b.ada
c64005c.ada
c64005d0.ada
c64005da.ada
c64005db.ada
c64005dc.ada
c641001.a
c641002.a
c641003.a
c64103b.ada
c64103c.ada
c64103d.ada
c64103e.ada
c64103f.ada
c64104a.ada
c64104b.ada
c64104c.ada
c64104d.ada
c64104e.ada
c64104f.ada
c64104g.ada
c64104h.ada
c64104i.ada
c64104j.ada
c64104k.ada
c64104l.ada
c64104m.ada
c64104n.ada
c64104o.ada
c64105a.ada
c64105b.ada
c64105c.ada
c64105d.ada
c64106a.ada
c64106b.ada
c64106c.ada
c64106d.ada
c64107a.ada
c64108a.ada
c64109a.ada
c64109b.ada
c64109c.ada
c64109d.ada
c64109e.ada
c64109f.ada
c64109g.ada
c64109h.ada
c64109i.ada
c64109j.ada
c64109k.ada
c64109l.ada
c64201b.ada
c64201c.ada
c64202a.ada
c650002.a
c650003.a
c65003a.ada
c65003b.ada
c650a01.a
c650a02.a
c650b01.a
c650b02.a
c650b03.a
c650b04.a
c651001.a
c651002.a
c660001.a
c66002a.ada
c66002c.ada
c66002d.ada
c66002e.ada
c66002f.ada
c66002g.ada
c67002a.ada
c67002b.ada
c67002c.ada
c67002d.ada
c67002e.ada
c67003f.ada
c67005a.ada
c67005b.ada
c67005c.ada
c67005d.ada
c680001.a
c72001b.ada
c72002a.ada
c730001.a
c730002.a
c730003.a
c730004.a
c73002a.ada
c730a01.a
c730a02.a
c731001.a
c7320010.a
c7320011.a
c7320012.am
c732002.a
c732a01.a
c732a02.a
c732b01.a
c732b02.a
c732c01.a
c74004a.ada
c74203a.ada
c74206a.ada
c74207b.ada
c74208a.ada
c74208b.ada
c74209a.ada
c74210a.ada
c74211a.ada
c74211b.ada
c74302a.ada
c74302b.ada
c74305a.ada
c74305b.ada
c74306a.ada
c74307a.ada
c74401d.ada
c74401e.ada
c74401k.ada
c74401q.ada
c74402a.ada
c74402b.ada
c74406a.ada
c74407b.ada
c74409b.ada
c760001.a
c760002.a
c760007.a
c760009.a
c760010.a
c760011.a
c760012.a
c760013.a
c760014.a
c760015.a
c760a01.a
c760a02.a
c760a03.a
c761001.a
c761002.a
c761003.a
c761004.a
c761005.a
c761006.a
c761007.a
c761010.a
c761011.a
c761012.a
c761013.a
c83007a.ada
c83012d.ada
c83022a.ada
c83022g0.ada
c83022g1.ada
c83023a.ada
c83024a.ada
c83024e0.ada
c83024e1.ada
c83025a.ada
c83025c.ada
c83027a.ada
c83027c.ada
c83028a.ada
c83029a.ada
c83030a.ada
c83030c.ada
c83031a.ada
c83031c.ada
c83031e.ada
c83032a.ada
c83033a.ada
c83051a.ada
c831001.a
c83b02a.ada
c83b02b.ada
c83e02a.ada
c83e02b.ada
c83e03a.ada
c83f01a.ada
c83f01b.ada
c83f01c0.ada
c83f01c1.ada
c83f01c2.ada
c83f01d0.ada
c83f01d1.ada
c83f03a.ada
c83f03b.ada
c83f03c0.ada
c83f03c1.ada
c83f03c2.ada
c83f03d0.ada
c83f03d1.ada
c840001.a
c840002.a
c84002a.ada
c84005a.ada
c84008a.ada
c84009a.ada
c85004b.ada
c85005a.ada
c85005b.ada
c85005c.ada
c85005d.ada
c85005e.ada
c85005f.ada
c85005g.ada
c85006a.ada
c85006b.ada
c85006c.ada
c85006d.ada
c85006e.ada
c85006f.ada
c85006g.ada
c85007a.ada
c85007e.ada
c85009a.ada
c85011a.ada
c85013a.ada
c85014a.ada
c85014b.ada
c85014c.ada
c85017a.ada
c85018a.ada
c85018b.ada
c85019a.ada
c851001.a
c851002.a
c854001.a
c854002.a
c854003.a
c86003a.ada
c86004a.ada
c86004b0.ada
c86004b1.ada
c86004b2.ada
c86004c0.ada
c86004c1.ada
c86004c2.ada
c86006i.ada
c86007a.ada
c87a05a.ada
c87a05b.ada
c87b02a.ada
c87b02b.ada
c87b03a.ada
c87b04a.ada
c87b04b.ada
c87b04c.ada
c87b05a.ada
c87b06a.ada
c87b07a.ada
c87b07b.ada
c87b07c.ada
c87b07d.ada
c87b07e.ada
c87b08a.ada
c87b09a.ada
c87b09c.ada
c87b10a.ada
c87b11a.ada
c87b11b.ada
c87b13a.ada
c87b14a.ada
c87b14b.ada
c87b14c.ada
c87b14d.ada
c87b15a.ada
c87b16a.ada
c87b17a.ada
c87b18a.ada
c87b18b.ada
c87b19a.ada
c87b23a.ada
c87b24a.ada
c87b24b.ada
c87b26b.ada
c87b27a.ada
c87b28a.ada
c87b29a.ada
c87b30a.ada
c87b31a.ada
c87b32a.ada
c87b33a.ada
c87b34a.ada
c87b34b.ada
c87b34c.ada
c87b35c.ada
c87b38a.ada
c87b39a.ada
c87b40a.ada
c87b41a.ada
c87b42a.ada
c87b43a.ada
c87b44a.ada
c87b45a.ada
c87b45c.ada
c87b47a.ada
c87b48a.ada
c87b48b.ada
c87b50a.ada
c87b54a.ada
c87b57a.ada
c87b62a.ada
c87b62b.ada
c87b62c.ada
c87b62d.tst
c910001.a
c910002.a
c910003.a
c91004b.ada
c91004c.ada
c91006a.ada
c91007a.ada
c920001.a
c92002a.ada
c92003a.ada
c92005a.ada
c92005b.ada
c92006a.ada
c930001.a
c93001a.ada
c93002a.ada
c93003a.ada
c93004a.ada
c93004b.ada
c93004c.ada
c93004d.ada
c93004f.ada
c93005a.ada
c93005b.ada
c93005c.ada
c93005d.ada
c93005e.ada
c93005f.ada
c93005g.ada
c93005h.ada
c93006a.ada
c93007a.ada
c93008a.ada
c93008b.ada
c940001.a
c940002.a
c940004.a
c940005.a
c940006.a
c940007.a
c940010.a
c940011.a
c940012.a
c940013.a
c940014.a
c940015.a
c940016.a
c940017.a
c94001a.ada
c94001b.ada
c94001c.ada
c94001e.ada
c94001f.ada
c94001g.ada
c94002a.ada
c94002b.ada
c94002d.ada
c94002e.ada
c94002f.ada
c94002g.ada
c94004a.ada
c94004b.ada
c94004c.ada
c94005a.ada
c94005b.ada
c94006a.ada
c94007a.ada
c94007b.ada
c94008a.ada
c94008b.ada
c94008c.ada
c94008d.ada
c94010a.ada
c94011a.ada
c94020a.ada
c940a03.a
c950001.a
c95008a.ada
c95009a.ada
c95010a.ada
c95011a.ada
c95012a.ada
c95021a.ada
c95022a.ada
c95022b.ada
c95033a.ada
c95033b.ada
c95034a.ada
c95034b.ada
c95035a.ada
c95040a.ada
c95040b.ada
c95040c.ada
c95040d.ada
c95041a.ada
c95065a.ada
c95065b.ada
c95065c.ada
c95065d.ada
c95065e.ada
c95065f.ada
c95066a.ada
c95067a.ada
c95071a.ada
c95072b.ada
c95073a.ada
c95074c.ada
c95076a.ada
c95078a.ada
c95080b.ada
c95082g.ada
c95085a.ada
c95085b.ada
c95085c.ada
c95085d.ada
c95085e.ada
c95085f.ada
c95085g.ada
c95085h.ada
c95085i.ada
c95085j.ada
c95085k.ada
c95085l.ada
c95085m.ada
c95085n.ada
c95085o.ada
c95086a.ada
c95086b.ada
c95086c.ada
c95086d.ada
c95086e.ada
c95086f.ada
c95087a.ada
c95087b.ada
c95087c.ada
c95087d.ada
c95088a.ada
c95089a.ada
c95090a.ada
c95092a.ada
c95093a.ada
c95095a.ada
c95095b.ada
c95095c.ada
c95095d.ada
c95095e.ada
c951001.a
c951002.a
c953001.a
c953002.a
c953003.a
c954001.a
c954010.a
c954011.a
c954012.a
c954013.a
c954014.a
c954015.a
c954016.a
c954017.a
c954018.a
c954019.a
c954020.a
c954021.a
c954022.a
c954023.a
c954024.a
c954025.a
c954026.a
c954027.a
c954a01.a
c954a02.a
c954a03.a
c960001.a
c960002.a
c960004.a
c96001a.ada
c96004a.ada
c96005a.ada
c96005b.tst
c96005d.ada
c96005f.ada
c96006a.ada
c96007a.ada
c96008a.ada
c96008b.ada
c961001.a
c97112a.ada
c97113a.ada
c97114a.ada
c97115a.ada
c97116a.ada
c97117a.ada
c97117b.ada
c97117c.ada
c97118a.ada
c97120a.ada
c97120b.ada
c97201a.ada
c97201b.ada
c97201c.ada
c97201d.ada
c97201e.ada
c97201g.ada
c97201h.ada
c97201x.ada
c97202a.ada
c97203a.ada
c97203b.ada
c97203c.ada
c97204a.ada
c97204b.ada
c97205a.ada
c97205b.ada
c97301a.ada
c97301b.ada
c97301c.ada
c97301d.ada
c97301e.ada
c97302a.ada
c97303a.ada
c97303b.ada
c97303c.ada
c97304a.ada
c97304b.ada
c97305a.ada
c97305b.ada
c97305c.ada
c97305d.ada
c97307a.ada
c974001.a
c974002.a
c974003.a
c974004.a
c974005.a
c974006.a
c974007.a
c974008.a
c974009.a
c974010.a
c974011.a
c974012.a
c974013.a
c974014.a
c980001.a
c980002.a
c980003.a
c990001.a
c99005a.ada
c9a003a.ada
c9a004a.ada
c9a007a.ada
c9a009a.ada
c9a009c.ada
c9a009f.ada
c9a009g.ada
c9a009h.ada
c9a010a.ada
c9a011a.ada
c9a011b.ada
ca1003a.ada
ca1004a.ada
ca1005a.ada
ca1006a.ada
ca1011a0.ada
ca1011a1.ada
ca1011a2.ada
ca1011a3.ada
ca1011a4.ada
ca1011a5.ada
ca1011a6.ada
ca1012a0.ada
ca1012a1.ada
ca1012a2.ada
ca1012a3.ada
ca1012a4.ada
ca1012b0.ada
ca1012b2.ada
ca1012b4.ada
ca1013a0.ada
ca1013a1.ada
ca1013a2.ada
ca1013a3.ada
ca1013a4.ada
ca1013a5.ada
ca1013a6.ada
ca1014a0.ada
ca1014a1.ada
ca1014a2.ada
ca1014a3.ada
ca1020e0.ada
ca1020e1.ada
ca1020e2.ada
ca1020e3.ada
ca1022a0.ada
ca1022a1.ada
ca1022a2.ada
ca1022a3.ada
ca1022a4.ada
ca1022a5.ada
ca1022a6.ada
ca11001.a
ca11002.a
ca11003.a
ca110040.a
ca110041.a
ca110042.am
ca110050.a
ca110051.am
ca11006.a
ca11007.a
ca11008.a
ca11009.a
ca11010.a
ca11011.a
ca11012.a
ca11013.a
ca11014.a
ca11015.a
ca11016.a
ca11017.a
ca11018.a
ca11019.a
ca11020.a
ca11021.a
ca11022.a
ca110230.a
ca110231.a
ca110232.am
ca1102a0.ada
ca1102a1.ada
ca1102a2.ada
ca1106a.ada
ca1108a.ada
ca1108b.ada
ca11a01.a
ca11a02.a
ca11b01.a
ca11b02.a
ca11c01.a
ca11c02.a
ca11c03.a
ca11d010.a
ca11d011.a
ca11d012.a
ca11d013.am
ca11d02.a
ca11d03.a
ca120010.a
ca120011.a
ca120012.am
ca12002.a
ca13001.a
ca13002.a
ca13003.a
ca13a01.a
ca13a02.a
ca140230.a
ca140231.a
ca140232.am
ca140233.a
ca140280.a
ca140281.a
ca140282.a
ca140283.am
ca15003.a
ca200020.a
ca200021.a
ca200022.am
ca200030.a
ca200031.am
ca2001h0.ada
ca2001h1.ada
ca2001h2.ada
ca2001h3.ada
ca2002a0.ada
ca2002a1.ada
ca2002a2.ada
ca2003a0.ada
ca2003a1.ada
ca2004a0.ada
ca2004a1.ada
ca2004a2.ada
ca2004a3.ada
ca2004a4.ada
ca2007a0.ada
ca2007a1.ada
ca2007a2.ada
ca2007a3.ada
ca2008a0.ada
ca2008a1.ada
ca2008a2.ada
ca2009a.ada
ca2009c0.ada
ca2009c1.ada
ca2009d.ada
ca2009f0.ada
ca2009f1.ada
ca2009f2.ada
ca2011b.ada
ca21001.a
ca21002.a
ca3011a0.ada
ca3011a1.ada
ca3011a2.ada
ca3011a3.ada
ca3011a4.ada
ca5003a0.ada
ca5003a1.ada
ca5003a2.ada
ca5003a3.ada
ca5003a4.ada
ca5003a5.ada
ca5003a6.ada
ca5003b0.ada
ca5003b1.ada
ca5003b2.ada
ca5003b3.ada
ca5003b4.ada
ca5003b5.ada
ca5004a.ada
ca5004b0.ada
ca5004b1.ada
ca5004b2.ada
ca5006a.ada
cb10002.a
cb1001a.ada
cb1004a.ada
cb1005a.ada
cb1010a.ada
cb1010c.ada
cb1010d.ada
cb20001.a
cb20003.a
cb20004.a
cb20005.a
cb20006.a
cb20007.a
cb2004a.ada
cb2005a.ada
cb2006a.ada
cb2007a.ada
cb20a02.a
cb30001.a
cb30002.a
cb3003a.ada
cb3003b.ada
cb3004a.ada
cb40005.a
cb4001a.ada
cb4002a.ada
cb4003a.ada
cb4004a.ada
cb4005a.ada
cb4006a.ada
cb4007a.ada
cb4008a.ada
cb4009a.ada
cb4013a.ada
cb40a01.a
cb40a020.a
cb40a021.am
cb40a030.a
cb40a031.am
cb40a04.a
cb41001.a
cb41002.a
cb41003.a
cb41004.a
cb42001.a
cb42002.a
cb42003.a
cb50001.a
cb5001a.ada
cb5001b.ada
cb5002a.ada
cc1004a.ada
cc1005b.ada
cc1010a.ada
cc1010b.ada
cc1018a.ada
cc1104c.ada
cc1107b.ada
cc1111a.ada
cc1204a.ada
cc1207b.ada
cc1220a.ada
cc1221a.ada
cc1221b.ada
cc1221c.ada
cc1221d.ada
cc1222a.ada
cc1223a.ada
cc1224a.ada
cc1225a.tst
cc1226b.ada
cc1227a.ada
cc1301a.ada
cc1302a.ada
cc1304a.ada
cc1304b.ada
cc1307a.ada
cc1307b.ada
cc1308a.ada
cc1310a.ada
cc1311a.ada
cc1311b.ada
cc2002a.ada
cc30001.a
cc30002.a
cc30003.a
cc30004.a
cc3004a.ada
cc3007a.ada
cc3007b.ada
cc3011a.ada
cc3011d.ada
cc3012a.ada
cc3015a.ada
cc3016b.ada
cc3016c.ada
cc3016f.ada
cc3016i.ada
cc3017b.ada
cc3019a.ada
cc3019b0.ada
cc3019b1.ada
cc3019b2.ada
cc3019c0.ada
cc3019c1.ada
cc3019c2.ada
cc3106b.ada
cc3120a.ada
cc3120b.ada
cc3121a.ada
cc3123a.ada
cc3125a.ada
cc3125b.ada
cc3125c.ada
cc3125d.ada
cc3126a.ada
cc3127a.ada
cc3128a.ada
cc3203a.ada
cc3207b.ada
cc3220a.ada
cc3221a.ada
cc3222a.ada
cc3223a.ada
cc3224a.ada
cc3225a.ada
cc3230a.ada
cc3231a.ada
cc3232a.ada
cc3233a.ada
cc3234a.ada
cc3235a.ada
cc3236a.ada
cc3240a.ada
cc3305a.ada
cc3305b.ada
cc3305c.ada
cc3305d.ada
cc3601a.ada
cc3601c.ada
cc3602a.ada
cc3603a.ada
cc3605a.ada
cc3606a.ada
cc3606b.ada
cc3607b.ada
cc40001.a
cc50001.a
cc50a01.a
cc50a02.a
cc51001.a
cc51002.a
cc51003.a
cc51004.a
cc51006.a
cc51007.a
cc51008.a
cc51009.a
cc510100.a
cc510101.a
cc510102.a
cc510103.am
cc51a01.a
cc51b03.a
cc51d01.a
cc51d02.a
cc54001.a
cc54002.a
cc54003.a
cc54004.a
cc60001.a
cc70001.a
cc70002.a
cc70003.a
cc70a01.a
cc70a02.a
cc70b01.a
cc70b02.a
cc70c01.a
cc70c02.a
cd10001.a
cd10002.a
cd1009d.ada
cd1009e.ada
cd1009f.ada
cd1009g.ada
cd1009h.ada
cd1009i.ada
cd1009j.ada
cd1009k.tst
cd1009n.ada
cd1009o.ada
cd1009p.ada
cd1009q.ada
cd1009r.ada
cd1009s.ada
cd1009t.tst
cd1009u.tst
cd1009v.ada
cd1009w.ada
cd1009x.ada
cd1009y.ada
cd1009z.ada
cd11001.a
cd1c03a.ada
cd1c03b.ada
cd1c03c.ada
cd1c03e.tst
cd1c03f.ada
cd1c03g.ada
cd1c03h.ada
cd1c03i.ada
cd1c04a.ada
cd1c04d.ada
cd1c04e.ada
cd1c06a.tst
cd20001.a
cd2a21a.ada
cd2a21e.ada
cd2a22a.ada
cd2a22e.ada
cd2a22i.ada
cd2a22j.ada
cd2a23a.ada
cd2a23e.ada
cd2a24a.ada
cd2a24e.ada
cd2a24i.ada
cd2a24j.ada
cd2a31a.ada
cd2a31e.ada
cd2a32a.ada
cd2a32c.ada
cd2a32e.ada
cd2a32g.ada
cd2a32i.ada
cd2a32j.ada
cd2a51a.ada
cd2a53a.ada
cd2a53e.ada
cd2a83c.tst
cd2a91c.tst
cd2b11b.ada
cd2b11d.ada
cd2b11e.ada
cd2b11f.ada
cd2b16a.ada
cd2c11a.tst
cd2c11d.tst
cd2d11a.ada
cd2d13a.ada
cd30001.a
cd30002.a
cd30003.a
cd30004.a
cd300050.am
cd300051.c
cd30006.a
cd30007.a
cd30008.a
cd30009.a
cd30010.a
cd30011.a
cd30012.a
cd30013.a
cd30014.a
cd3014a.ada
cd3014c.ada
cd3014d.ada
cd3014f.ada
cd3015a.ada
cd3015c.ada
cd3015e.ada
cd3015f.ada
cd3015g.ada
cd3015h.ada
cd3015i.ada
cd3015k.ada
cd3021a.ada
cd40001.a
cd4031a.ada
cd4041a.tst
cd4051a.ada
cd4051b.ada
cd4051c.ada
cd4051d.ada
cd5003a.ada
cd5003b.ada
cd5003c.ada
cd5003d.ada
cd5003e.ada
cd5003f.ada
cd5003g.ada
cd5003h.ada
cd5003i.ada
cd5011a.ada
cd5011c.ada
cd5011e.ada
cd5011g.ada
cd5011i.ada
cd5011k.ada
cd5011m.ada
cd5011q.ada
cd5011s.ada
cd5012a.ada
cd5012b.ada
cd5012e.ada
cd5012f.ada
cd5012i.ada
cd5012m.ada
cd5013a.ada
cd5013c.ada
cd5013e.ada
cd5013g.ada
cd5013i.ada
cd5013k.ada
cd5013m.ada
cd5013o.ada
cd5014a.ada
cd5014c.ada
cd5014e.ada
cd5014g.ada
cd5014i.ada
cd5014k.ada
cd5014m.ada
cd5014o.ada
cd5014t.ada
cd5014v.ada
cd5014x.ada
cd5014y.ada
cd5014z.ada
cd70001.a
cd7002a.ada
cd7007b.ada
cd7101d.ada
cd7101e.dep
cd7101f.dep
cd7101g.tst
cd7103d.ada
cd7202a.ada
cd7204b.ada
cd7204c.ada
cd72a01.a
cd72a02.a
cd7305a.ada
cd90001.a
cd92001.a
cda201a.ada
cda201b.ada
cda201c.ada
cda201e.ada
cdb0001.a
cdb0002.a
cdb0a01.a
cdb0a02.a
cdb3a01.a
cdb4001.a
cdd1001.a
cdd2001.a
cdd2a01.a
cdd2a02.a
cdd2a03.a
cdd2b01.a
cdd2b02.a
cdd2b03.a
cdd2b04.a
cde0001.a
cde0002.a
cde0003.a
ce2102a.ada
ce2102b.ada
ce2102c.tst
ce2102d.ada
ce2102e.ada
ce2102f.ada
ce2102g.ada
ce2102h.tst
ce2102i.ada
ce2102j.ada
ce2102k.ada
ce2102l.ada
ce2102m.ada
ce2102n.ada
ce2102o.ada
ce2102p.ada
ce2102q.ada
ce2102r.ada
ce2102s.ada
ce2102t.ada
ce2102u.ada
ce2102v.ada
ce2102w.ada
ce2102x.ada
ce2102y.ada
ce2103a.tst
ce2103b.tst
ce2103c.ada
ce2103d.ada
ce2104a.ada
ce2104b.ada
ce2104c.ada
ce2104d.ada
ce2106a.ada
ce2106b.ada
ce2108e.ada
ce2108f.ada
ce2108g.ada
ce2108h.ada
ce2109a.ada
ce2109b.ada
ce2109c.ada
ce2110a.ada
ce2110c.ada
ce2111a.ada
ce2111b.ada
ce2111c.ada
ce2111e.ada
ce2111f.ada
ce2111g.ada
ce2111i.ada
ce2201a.ada
ce2201b.ada
ce2201c.ada
ce2201d.dep
ce2201e.dep
ce2201f.ada
ce2201g.ada
ce2201h.ada
ce2201i.ada
ce2201j.ada
ce2201k.ada
ce2201l.ada
ce2201m.ada
ce2201n.ada
ce2202a.ada
ce2203a.tst
ce2204a.ada
ce2204b.ada
ce2204c.ada
ce2204d.ada
ce2205a.ada
ce2206a.ada
ce2208b.ada
ce2401a.ada
ce2401b.ada
ce2401c.ada
ce2401e.ada
ce2401f.ada
ce2401h.ada
ce2401i.ada
ce2401j.ada
ce2401k.ada
ce2401l.ada
ce2402a.ada
ce2403a.tst
ce2404a.ada
ce2404b.ada
ce2405b.ada
ce2406a.ada
ce2407a.ada
ce2407b.ada
ce2408a.ada
ce2408b.ada
ce2409a.ada
ce2409b.ada
ce2410a.ada
ce2410b.ada
ce2411a.ada
ce3002b.tst
ce3002c.tst
ce3002d.ada
ce3002f.ada
ce3102a.ada
ce3102b.tst
ce3102d.ada
ce3102e.ada
ce3102f.ada
ce3102g.ada
ce3102h.ada
ce3102i.ada
ce3102j.ada
ce3102k.ada
ce3103a.ada
ce3104a.ada
ce3104b.ada
ce3104c.ada
ce3106a.ada
ce3106b.ada
ce3107a.tst
ce3107b.ada
ce3108a.ada
ce3108b.ada
ce3110a.ada
ce3112c.ada
ce3112d.ada
ce3114a.ada
ce3115a.ada
ce3201a.ada
ce3202a.ada
ce3206a.ada
ce3207a.ada
ce3301a.ada
ce3302a.ada
ce3303a.ada
ce3304a.tst
ce3305a.ada
ce3306a.ada
ce3401a.ada
ce3402a.ada
ce3402c.ada
ce3402d.ada
ce3402e.ada
ce3403a.ada
ce3403b.ada
ce3403c.ada
ce3403d.ada
ce3403e.ada
ce3403f.ada
ce3404a.ada
ce3404b.ada
ce3404c.ada
ce3404d.ada
ce3405a.ada
ce3405c.ada
ce3405d.ada
ce3406a.ada
ce3406b.ada
ce3406c.ada
ce3406d.ada
ce3407a.ada
ce3407b.ada
ce3407c.ada
ce3408a.ada
ce3408b.ada
ce3408c.ada
ce3409a.ada
ce3409b.ada
ce3409c.ada
ce3409d.ada
ce3409e.ada
ce3410a.ada
ce3410b.ada
ce3410c.ada
ce3410d.ada
ce3410e.ada
ce3411a.ada
ce3411c.ada
ce3412a.ada
ce3413a.ada
ce3413b.ada
ce3413c.ada
ce3414a.ada
ce3601a.ada
ce3602a.ada
ce3602b.ada
ce3602c.ada
ce3602d.ada
ce3603a.ada
ce3604a.ada
ce3604b.ada
ce3605a.ada
ce3605b.ada
ce3605c.ada
ce3605d.ada
ce3605e.ada
ce3606a.ada
ce3606b.ada
ce3701a.ada
ce3704a.ada
ce3704b.ada
ce3704c.ada
ce3704d.ada
ce3704e.ada
ce3704f.ada
ce3704m.ada
ce3704n.ada
ce3704o.ada
ce3705a.ada
ce3705b.ada
ce3705c.ada
ce3705d.ada
ce3705e.ada
ce3706c.ada
ce3706d.ada
ce3706f.ada
ce3706g.ada
ce3707a.ada
ce3708a.ada
ce3801a.ada
ce3801b.ada
ce3804a.ada
ce3804b.ada
ce3804c.ada
ce3804d.ada
ce3804e.ada
ce3804f.ada
ce3804g.ada
ce3804h.ada
ce3804i.ada
ce3804j.ada
ce3804m.ada
ce3804o.ada
ce3804p.ada
ce3805a.ada
ce3805b.ada
ce3806a.ada
ce3806b.ada
ce3806c.ada
ce3806d.ada
ce3806e.ada
ce3806f.ada
ce3806g.ada
ce3806h.ada
ce3809a.ada
ce3809b.ada
ce3810a.ada
ce3810b.ada
ce3815a.ada
ce3901a.ada
ce3902b.ada
ce3904a.ada
ce3904b.ada
ce3905a.ada
ce3905b.ada
ce3905c.ada
ce3905l.ada
ce3906a.ada
ce3906b.ada
ce3906c.ada
ce3906d.ada
ce3906e.ada
ce3906f.ada
ce3907a.ada
ce3908a.ada
checkfil.ada
cont.gif
cover03a.pdf
cover03b.pdf
cover04a.pdf
cover04b.pdf
cover05.pdf
cover06a.pdf
cover06b.pdf
cover07.pdf
cover08.pdf
cover10.pdf
cover13.pdf
cover-b.pdf
coverkey.pdf
coversum.pdf
coverage.txt
cxa3001.a
cxa3002.a
cxa3003.a
cxa3004.a
cxa3005.a
cxa3006.a
cxa3007.a
cxa3008.a
cxa4001.a
cxa4002.a
cxa4003.a
cxa4004.a
cxa4005.a
cxa4006.a
cxa4007.a
cxa4008.a
cxa4009.a
cxa4010.a
cxa4011.a
cxa4012.a
cxa4013.a
cxa4014.a
cxa4015.a
cxa4016.a
cxa4017.a
cxa4018.a
cxa4019.a
cxa4020.a
cxa4021.a
cxa4022.a
cxa4023.a
cxa4024.a
cxa4025.a
cxa4026.a
cxa4027.a
cxa4028.a
cxa4029.a
cxa4030.a
cxa4031.a
cxa4032.a
cxa4033.a
cxa4035.a
cxa4036.a
cxa4037.a
cxa4038.a
cxa4039.a
cxa5011.a
cxa5012.a
cxa5013.a
cxa5015.a
cxa5016.a
cxa5a01.a
cxa5a02.a
cxa5a03.a
cxa5a04.a
cxa5a05.a
cxa5a06.a
cxa5a07.a
cxa5a08.a
cxa5a09.a
cxa5a10.a
cxa8001.a
cxa8002.a
cxa8003.a
cxa9001.a
cxa9002.a
cxaa001.a
cxaa002.a
cxaa003.a
cxaa004.a
cxaa005.a
cxaa006.a
cxaa007.a
cxaa008.a
cxaa009.a
cxaa010.a
cxaa011.a
cxaa012.a
cxaa013.a
cxaa014.a
cxaa015.a
cxaa016.a
cxaa017.a
cxaa018.a
cxaa019.a
cxaa020.a
cxaa021.a
cxaa022.a
cxab001.a
cxab002.au
cxab003.au
cxab004.au
cxab005.au
cxac001.a
cxac002.a
cxac003.a
cxac004.a
cxac005.a
cxac006.a
cxac007.a
cxac008.a
cxac009.a
cxaca01.a
cxaca02.a
cxacb01.a
cxacb02.a
cxacc01.a
cxaf001.a
cxag001.a
cxag002.a
cxag003.a
cxah001.a
cxah002.a
cxah003.a
cxai001.a
cxai002.a
cxai003.a
cxai004.a
cxai005.a
cxai006.a
cxai007.a
cxai008.a
cxai009.a
cxai010.a
cxai011.a
cxai012.a
cxai013.a
cxai014.a
cxai015.a
cxai016.a
cxai017.a
cxai018.a
cxai019.a
cxai020.a
cxai021.a
cxai022.a
cxai023.a
cxai024.a
cxai025.a
cxai026.a
cxai027.a
cxai028.a
cxai029.a
cxai030.a
cxai031.a
cxai032.a
cxai033.a
cxai034.a
cxai035.a
cxai036.a
cxaia01.a
cxaia02.a
cxaia03.a
cxaia04.a
cxaia05.a
cxaia06.a
cxaia07.a
cxaia08.a
cxaia09.a
cxaia10.a
cxaia11.a
cxaia12.a
cxaia13.a
cxaia14.a
cxaib01.a
cxaib02.a
cxaib03.a
cxaib04.a
cxaib05.a
cxaib06.a
cxaib07.a
cxaib08.a
cxaj001.a
cxb2001.a
cxb2002.a
cxb2003.a
cxb3001.a
cxb3002.a
cxb3003.a
cxb30040.c
cxb30041.am
cxb3005.a
cxb30060.c
cxb30061.am
cxb3007.a
cxb3008.a
cxb3009.a
cxb3010.a
cxb3011.a
cxb3012.a
cxb30130.c
cxb30131.c
cxb30132.am
cxb3014.a
cxb3015.a
cxb3016.a
cxb30170.c
cxb30171.a
cxb30172.am
cxb30180.c
cxb30181.a
cxb30182.am
cxb3019.a
cxb3020.a
cxb3021.a
cxb3022.a
cxb30230.c
cxb30231.am
cxb30240.c
cxb30241.am
cxb4001.a
cxb4002.a
cxb4003.a
cxb4004.a
cxb4005.a
cxb4006.a
cxb4007.a
cxb4008.a
cxb40090.cbl
cxb40091.cbl
cxb40092.cbl
cxb40093.am
cxb5001.a
cxb5002.a
cxb5003.a
cxb50040.ftn
cxb50041.ftn
cxb50042.am
cxb50050.ftn
cxb50051.ftn
cxb50052.am
cxc3001.a
cxc3002.a
cxc3003.a
cxc3004.a
cxc3005.a
cxc3006.a
cxc3007.a
cxc3008.a
cxc3009.a
cxc3010.a
cxc6001.a
cxc6002.a
cxc6003.a
cxc7001.a
cxc7002.a
cxc7003.a
cxc7004.a
cxc7005.a
cxc7006.a
cxd1001.a
cxd1002.a
cxd1003.a
cxd1004.a
cxd1005.a
cxd1006.a
cxd1007.a
cxd1008.a
cxd2001.a
cxd2002.a
cxd2003.a
cxd2004.a
cxd2006.a
cxd2007.a
cxd2008.a
cxd3001.a
cxd3002.a
cxd3003.a
cxd4001.a
cxd4002.a
cxd4003.a
cxd4004.a
cxd4005.a
cxd4006.a
cxd4007.a
cxd4008.a
cxd4009.a
cxd4010.a
cxd5001.a
cxd6001.a
cxd6002.a
cxd6003.a
cxd8001.a
cxd8002.a
cxd8003.a
cxd9001.a
cxda001.a
cxda002.a
cxda003.a
cxda004.a
cxdb001.a
cxdb002.a
cxdb003.a
cxdb004.a
cxe1001.a
cxe2001.a
cxe2002.a
cxe4001.a
cxe4002.a
cxe4003.a
cxe4004.a
cxe4005.a
cxe4006.a
cxe5001.a
cxe5002.a
cxe5003.a
cxf1001.a
cxf2001.a
cxf2002.a
cxf2003.a
cxf2004.a
cxf2005.a
cxf2a01.a
cxf2a02.a
cxf3001.a
cxf3002.a
cxf3003.a
cxf3004.a
cxf3a01.a
cxf3a02.a
cxf3a03.a
cxf3a04.a
cxf3a05.a
cxf3a06.a
cxf3a07.a
cxf3a08.a
cxg1001.a
cxg1002.a
cxg1003.a
cxg1004.a
cxg1005.a
cxg2001.a
cxg2002.a
cxg2003.a
cxg2004.a
cxg2005.a
cxg2006.a
cxg2007.a
cxg2008.a
cxg2009.a
cxg2010.a
cxg2011.a
cxg2012.a
cxg2013.a
cxg2014.a
cxg2015.a
cxg2016.a
cxg2017.a
cxg2018.a
cxg2019.a
cxg2020.a
cxg2021.a
cxg2022.a
cxg2023.a
cxg2024.a
cxh1001.a
cxh3001.a
cxh3002.a
cxh30030.a
cxh30031.am
cz00004.a
cz1101a.ada
cz1102a.ada
cz1103a.ada
d4a002a.ada
d4a002b.ada
d4a004a.ada
d4a004b.ada
dirs.png
e28002b.ada
e28005d.ada
e52103y.ada
eb4011a.ada
eb4012a.ada
eb4014a.ada
ee3203a.ada
ee3204a.ada
ee3402b.ada
ee3409f.ada
ee3412c.ada
enumchek.ada
f340a000.a
f340a001.a
f341a00.a
f350a00.a
f350b00.a
f360a00.a
f360b00.a
f390a00.a
f392a00.a
f392c00.a
f392d00.a
f393a00.a
f393b00.a
f394a00.a
f3a1a00.a
f3a2a00.a
f416a00.a
f431a00.a
f433a00.a
f452a00.a
f458a00.a
f460a00.a
f552a00.a
f611a00.a
f611b00.a
f650a00.a
f650b00.a
f730a000.a
f730a001.a
f731a00.a
f732a00.a
f732b00.a
f732c00.a
f750a00.a
f760a00.a
f940a00.a
f954a00.a
fa11a00.a
fa11b00.a
fa11c00.a
fa11d00.a
fa13a00.a
fa13b00.a
fa21a00.a
fb20a00.a
fb40a00.a
fc50a00.a
fc51a00.a
fc51b00.a
fc51c00.a
fc51d00.a
fc54a00.a
fc70a00.a
fc70b00.a
fc70c00.a
fcndecl.ada
fd72a00.a
fdb0a00.a
fdb3a00.a
fdd2a00.a
fdd2b00.a
find.gif
fxa5a00.a
fxaca00.a
fxacb00.a
fxacc00.a
fxaia00.a
fxaib00.a
fxc6a00.a
fxe2a00.a
fxf2a00.a
fxf3a00.a
grade.a
grd_data.a
impdef.a
impdefc.a
impdefd.a
impdefe.a
impdefg.a
impdefh.a
index.gif
la140010.a
la140011.am
la140012.a
la140020.a
la140021.am
la140022.a
la140030.a
la140031.a
la140032.am
la140033.a
la140040.a
la140041.am
la140042.a
la140050.a
la140051.a
la140052.am
la140053.a
la140060.a
la140061.a
la140062.am
la140063.a
la140070.a
la140071.a
la140072.am
la140073.a
la140080.a
la140081.a
la140082.am
la140083.a
la140090.a
la140091.a
la140092.am
la140093.a
la140100.a
la140101.a
la140102.am
la140103.a
la140110.a
la140111.a
la140112.am
la140113.a
la140120.a
la140121.a
la140122.am
la140123.a
la140130.a
la140131.a
la140132.am
la140133.a
la140140.a
la140141.a
la140142.am
la140143.a
la140150.a
la140151.a
la140152.am
la140153.a
la140160.a
la140161.a
la140162.am
la140163.a
la140170.a
la140171.a
la140172.am
la140173.a
la140180.a
la140181.a
la140182.am
la140183.a
la140190.a
la140191.a
la140192.am
la140193.a
la140200.a
la140201.a
la140202.am
la140203.a
la140210.a
la140211.am
la140212.a
la140220.a
la140221.am
la140222.a
la140240.a
la140241.a
la140242.am
la140243.a
la140250.a
la140251.am
la140252.a
la140260.a
la140261.a
la140262.am
la140263.a
la140270.a
la140271.a
la140272.am
la140273.a
la200010.a
la200011.a
la200012.am
la200020.a
la200021.a
la200022.a
la200023.am
la200030.a
la200031.a
la200032.a
la200033.am
la5001a0.ada
la5001a1.ada
la5001a2.ada
la5001a3.ada
la5001a4.ada
la5001a5.ada
la5001a6.ada
la5001a7.ada
la5007a0.ada
la5007a1.ada
la5007b0.ada
la5007b1.ada
la5007c0.ada
la5007c1.ada
la5007d0.ada
la5007d1.ada
la5007e0.ada
la5007e1.ada
la5007f0.ada
la5007f1.ada
la5007g0.ada
la5007g1.ada
la5008a0.ada
la5008a1.ada
la5008b0.ada
la5008b1.ada
la5008c0.ada
la5008c1.ada
la5008d0.ada
la5008d1.ada
la5008e0.ada
la5008e1.ada
la5008f0.ada
la5008f1.ada
la5008g0.ada
la5008g1.ada
lc300010.a
lc300011.a
lc300012.am
lc300020.a
lc300021.a
lc300022.am
lc300030.a
lc300031.a
lc300032.am
leg-name.png
lencheck.ada
lib.gif
lxd70010.a
lxd70011.a
lxd70012.am
lxd70030.a
lxd70031.a
lxd70032.am
lxd70040.a
lxd70041.a
lxd70042.am
lxd70050.a
lxd70051.a
lxd70052.am
lxd70060.a
lxd70061.a
lxd70062.am
lxd70070.a
lxd70071.a
lxd70072.am
lxd70080.a
lxd70081.a
lxd70082.am
lxd70090.a
lxd70091.a
lxd70092.am
lxe30010.am
lxe30011.am
lxe30020.am
lxe30021.am
lxh40010.a
lxh40011.a
lxh40012.am
lxh40020.a
lxh40021.a
lxh40022.am
lxh40030.a
lxh40031.a
lxh40032.a
lxh40033.am
lxh40040.a
lxh40041.a
lxh40042.a
lxh40043.am
lxh40050.a
lxh40051.a
lxh40052.a
lxh40053.am
lxh40060.a
lxh40061.a
lxh40062.a
lxh40063.am
lxh40070.a
lxh40071.a
lxh40072.a
lxh40073.am
lxh40080.a
lxh40081.a
lxh40082.a
lxh40083.a
lxh40084.am
lxh40090.a
lxh40091.a
lxh40092.a
lxh40093.am
lxh40100.a
lxh40101.a
lxh40102.a
lxh40103.am
lxh40110.a
lxh40111.a
lxh40112.am
lxh40120.a
lxh40121.a
lxh40122.a
lxh40123.am
lxh40130.a
lxh40131.a
lxh40132.a
lxh40133.am
lxh40140.a
lxh40141.a
lxh40142.am
macro.dfs
macrosub.ada
mod-name.png
next.gif
prev.gif
report.a
special.a
spprt13s.tst
summary.a
tctouch.ada
testobj.txt
trace.a
tst_sum.a
tsttests.dat
ug-01.htm
ug-02.htm
ug-1.htm
ug-11.htm
ug-12.htm
ug-2.htm
ug-3.htm
ug-31.htm
ug-32.htm
ug-321.htm
ug-322.htm
ug-323.htm
ug-4.htm
ug-41.htm
ug-411.htm
ug-412.htm
ug-413.htm
ug-414.htm
ug-415.htm
ug-416.htm
ug-42.htm
ug-421.htm
ug-422.htm
ug-423.htm
ug-424.htm
ug-425.htm
ug-426.htm
ug-427.htm
ug-428.htm
ug-43.htm
ug-431.htm
ug-432.htm
ug-433.htm
ug-44.htm
ug-45.htm
ug-46.htm
ug-47.htm
ug-48.htm
ug-5.htm
ug-51.htm
ug-511.htm
ug-512.htm
ug-5121.htm
ug-5122.htm
ug-513.htm
ug-5131.htm
ug-5132.htm
ug-5133.htm
ug-5134.htm
ug-52.htm
ug-521.htm
ug-522.htm
ug-523.htm
ug-524.htm
ug-525.htm
ug-53.htm
ug-531.htm
ug-532.htm
ug-54.htm
ug-541.htm
ug-542.htm
ug-55.htm
ug-551.htm
ug-552.htm
ug-553.htm
ug-554.htm
ug-555.htm
ug-5551.htm
ug-5552.htm
ug-5553.htm
ug-5554.htm
ug-5555.htm
ug-556.htm
ug-56.htm
ug-561.htm
ug-562.htm
ug-563.htm
ug-564.htm
ug-565.htm
ug-57.htm
ug-571.htm
ug-572.htm
ug-58.htm
ug-6.htm
ug-61.htm
ug-611.htm
ug-612.htm
ug-613.htm
ug-614.htm
ug-615.htm
ug-62.htm
ug-621.htm
ug-622.htm
ug-623.htm
ug-63.htm
ug-631.htm
ug-632.htm
ug-64.htm
ug-65.htm
ug-a.htm
ug-a1.htm
ug-a2.htm
ug-a3.htm
ug-a4.htm
ug-a5.htm
ug-a51.htm
ug-a52.htm
ug-a53.htm
ug-a54.htm
ug-a55.htm
ug-a6.htm
ug-a7.htm
ug-a8.htm
ug-a9.htm
ug-aa.htm
ug-ab.htm
ug-ac.htm
ug-ad.htm
ug-ae.htm
ug-b.htm
ug-b1.htm
ug-b2.htm
ug-b3.htm
ug-c.htm
ug-c1.htm
ug-c2.htm
ug-c3.htm
ug-c4.htm
ug-c41.htm
ug-c42.htm
ug-d.htm
ug-d1.htm
ug-d11.htm
ug-d12.htm
ug-d13.htm
ug-d14.htm
ug-d15.htm
ug-d16.htm
ug-d17.htm
ug-d18.htm
ug-d19.htm
ug-d1a.htm
ug-d1b.htm
ug-d1c.htm
ug-d1d.htm
ug-d1e.htm
ug-d1f.htm
ug-d1g.htm
ug-d1h.htm
ug-d1i.htm
ug-d1j.htm
ug-d1k.htm
ug-d1l.htm
ug-d1m.htm
ug-d2.htm
ug-d21.htm
ug-d22.htm
ug-d23.htm
ug-d24.htm
ug-d25.htm
ug-d26.htm
ug-d27.htm
ug-d28.htm
ug-d29.htm
ug-d2a.htm
ug-d2b.htm
ug-d2c.htm
ug-d2d.htm
ug-d2e.htm
ug-d2f.htm
ug-d2g.htm
ug-d2h.htm
ug-d2i.htm
ug-d2j.htm
ug-d2k.htm
ug-d2l.htm
ug-e.htm
ug-f.htm
ug-toc.htm
ug-ttl.htm
usage-1.png
usage-2.png
version.a
